
Showing logs for build [32mcb-kubecd-environment-pr-1404-4-q9wk9-1[0m stage [32mfrom-build-pack[0m and container [32mstep-credential-initializer-98rqc[0m
{"level":"warn","ts":1586827530.3179045,"logger":"fallback-logger","caller":"logging/config.go:69","msg":"Fetch GitHub commit ID from kodata failed: \"ref: refs/heads/0.8.0-**-support-backwards-incompats\" is not a valid GitHub commit ID"}
{"level":"info","ts":1586827530.3187795,"logger":"fallback-logger","caller":"creds-init/main.go:40","msg":"Credentials initialized."}

Showing logs for build [32mcb-kubecd-environment-pr-1404-4-q9wk9-1[0m stage [32mfrom-build-pack[0m and container [32mstep-working-dir-initializer-qhfdm[0m
{"level":"warn","ts":1586827531.321371,"logger":"fallback-logger","caller":"logging/config.go:69","msg":"Fetch GitHub commit ID from kodata failed: open /var/run/ko/HEAD: no such file or directory"}
{"level":"info","ts":1586827531.3229315,"logger":"fallback-logger","caller":"bash/main.go:64","msg":"Successfully executed command \"sh -c mkdir -p /workspace/source\"; output "}

Showing logs for build [32mcb-kubecd-environment-pr-1404-4-q9wk9-1[0m stage [32mfrom-build-pack[0m and container [32mstep-place-tools[0m

Showing logs for build [32mcb-kubecd-environment-pr-1404-4-q9wk9-1[0m stage [32mfrom-build-pack[0m and container [32mstep-git-source-cb-kubecd-environment-pr-1404-4-q9wk9-7j992[0m
{"level":"warn","ts":1586827535.3629308,"logger":"fallback-logger","caller":"logging/config.go:69","msg":"Fetch GitHub commit ID from kodata failed: \"ref: refs/heads/0.8.0-**-support-backwards-incompats\" is not a valid GitHub commit ID"}
{"level":"info","ts":1586827536.387453,"logger":"fallback-logger","caller":"git/git.go:103","msg":"Successfully cloned https://github.com/cb-kubecd/environment-pr-1404-4-bdd-frontend-staging.git @ master in path /workspace/source"}

Showing logs for build [32mcb-kubecd-environment-pr-1404-4-q9wk9-1[0m stage [32mfrom-build-pack[0m and container [32mstep-git-merge[0m
Using SHAs from PULL_REFS=master:70016ff187a0b830fab8dc76a7657a8c4b78840b,1:b3738c3f246a676eaed360a335259328263bc562
DEBUG: LC_ALL=C JX_LOG_LEVEL=error git fetch origin --unshallow b3738c3f246a676eaed360a335259328263bc562: 70016ff187a0b830fab8dc76a7657a8c4b78840b:
DEBUG: ran git fetch --unshallow origin b3738c3f246a676eaed360a335259328263bc562: 70016ff187a0b830fab8dc76a7657a8c4b78840b: in 
DEBUG: LC_ALL=C JX_LOG_LEVEL=error git branch
DEBUG: LC_ALL=C JX_LOG_LEVEL=error git checkout master
DEBUG: ran git checkout master in 
DEBUG: LC_ALL=C JX_LOG_LEVEL=error git reset --hard 70016ff187a0b830fab8dc76a7657a8c4b78840b
DEBUG: ran git reset --hard 70016ff187a0b830fab8dc76a7657a8c4b78840b in 
DEBUG: LC_ALL=C JX_LOG_LEVEL=error git clean -fd .
DEBUG: ran clean --force -d . in 
DEBUG: LC_ALL=C JX_LOG_LEVEL=error git merge b3738c3f246a676eaed360a335259328263bc562
DEBUG: ran git merge b3738c3f246a676eaed360a335259328263bc562 in 
DEBUG: LC_ALL=C JX_LOG_LEVEL=error git log --format=%H%x1f%an%x1f%ae%x1f%cn%x1f%ce%x1f%s%n%b%x1e 70016ff187a0b830fab8dc76a7657a8c4b78840b..HEAD
Merged SHA b3738c3f246a676eaed360a335259328263bc562 with commit message 'chore: Promote bdd-nh-1586826509 to version 0.0.1' into base branch master

Showing logs for build [32mcb-kubecd-environment-pr-1404-4-q9wk9-1[0m stage [32mfrom-build-pack[0m and container [32mstep-build-helm-build[0m
WARNING: No $CHART_REPOSITORY defined so using the default value of: http://jenkins-x-chartmuseum:8080
Adding missing Helm repo: storage.googleapis.com https://storage.googleapis.com/chartmuseum.jenkins-x.io
WARNING: No secrets found on "helm/repos" due: reading the secret "helm/repos" from vault: no secret "helm/repos" not found in vault
Read credentials for https://storage.googleapis.com/chartmuseum.jenkins-x.io from vault helm/repos
Successfully added Helm repository storage.googleapis.com.
Adding missing Helm repo: jenkins-x-chartmuseum http://jenkins-x-chartmuseum:8080
WARNING: No secrets found on "helm/repos" due: reading the secret "helm/repos" from vault: no secret "helm/repos" not found in vault
Read credentials for http://jenkins-x-chartmuseum:8080 from vault helm/repos
Successfully added Helm repository jenkins-x-chartmuseum.
WARNING: No $CHART_REPOSITORY defined so using the default value of: http://jenkins-x-chartmuseum:8080
Adding missing Helm repo: chartmuseum.jenkins-x.io http://chartmuseum.jenkins-x.io
WARNING: No secrets found on "helm/repos" due: reading the secret "helm/repos" from vault: no secret "helm/repos" not found in vault
Read credentials for http://chartmuseum.jenkins-x.io from vault helm/repos
Successfully added Helm repository chartmuseum.jenkins-x.io.
